2013-03-30 15:10:11	DOWNLOAD FAILED				pub/gps/data/hourly/2013/089/14/yarr089o.13d.Z	2013-03-30 15:10:13
2013-03-30 15:10:15	DOWNLOAD SUCCESS			pub/gps/data/hourly/2013/089/14/whit089o.13n.Z	2013-03-30 15:10:17
2013-03-30 15:10:20	DOWNLOAD SUCCESS			pub/gps/data/hourly/2013/089/14/wind089o.13n.Z	2013-03-30 15:10:21
2013-03-30 15:10:23	DOWNLOAD SUCCESS			pub/gps/data/hourly/2013/089/14/wtzz089o.13n.Z	2013-03-30 15:10:25
2013-03-30 15:10:27	DOWNLOAD SUCCESS			pub/gps/data/hourly/2013/089/14/xmis089o.13n.Z	2013-03-30 15:10:29
2013-03-30 15:10:31	DOWNLOAD SUCCESS			pub/gps/data/hourly/2013/089/14/yarr089o.13n.Z	2013-03-30 15:10:37
2013-03-30 15:10:40	DOWNLOAD SUCCESS			pub/gps/data/hourly/2013/089/14/zim2089o.13n.Z	2013-03-30 15:10:42
2013-03-30 15:10:44	DOWNLOAD SUCCESS			pub/gps/data/hourly/2013/089/14/zimm089o.13n.Z	2013-03-30 15:10:46
2013-03-30 15:10:48	DOWNLOAD SUCCESS			pub/gps/data/hourly/2013/089/14/whit089o.13g.Z	2013-03-30 15:10:50
2013-03-30 15:10:52	DOWNLOAD FAILED				pub/gps/data/hourly/2013/089/14/wind089o.13g.Z	2013-03-30 15:10:53
2013-03-30 15:10:56	DOWNLOAD SUCCESS			pub/gps/data/hourly/2013/089/14/wtzz089o.13g.Z	2013-03-30 15:10:58
2013-03-30 15:11:00	DOWNLOAD SUCCESS			pub/gps/data/hourly/2013/089/14/xmis089o.13g.Z	2013-03-30 15:11:02
2013-03-30 15:11:04	DOWNLOAD FAILED				pub/gps/data/hourly/2013/089/14/yarr089o.13g.Z	2013-03-30 15:11:06
2013-03-30 15:11:08	DOWNLOAD SUCCESS			pub/gps/data/hourly/2013/089/14/zim2089o.13g.Z	2013-03-30 15:11:10
2013-03-30 15:11:12	DOWNLOAD FAILED				pub/gps/data/hourly/2013/089/14/zimm089o.13g.Z	2013-03-30 15:11:13
2013-03-30 15:11:16	DOWNLOAD FAILED				gps/data/campaign/mgex/hourly/rinex3/2013/089/14/areg089o.13d.Z	2013-03-30 15:11:17
2013-03-30 15:11:20	DOWNLOAD SUCCESS			gps/data/campaign/mgex/hourly/rinex3/2013/089/14/brst089o.13d.Z	2013-03-30 15:11:22
2013-03-30 15:11:24	DOWNLOAD SUCCESS			gps/data/campaign/mgex/hourly/rinex3/2013/089/14/brux089o.13d.Z	2013-03-30 15:11:26
2013-03-30 15:11:28	DOWNLOAD FAILED				gps/data/campaign/mgex/hourly/rinex3/2013/089/14/cut0089o.13d.Z	2013-03-30 15:11:30
2013-03-30 15:11:32	DOWNLOAD SUCCESS			gps/data/campaign/mgex/hourly/rinex3/2013/089/14/dlf1089o.13d.Z	2013-03-30 15:11:35
2013-03-30 15:11:37	DOWNLOAD SUCCESS			gps/data/campaign/mgex/hourly/rinex3/2013/089/14/gmsd089o.13d.Z	2013-03-30 15:11:39
2013-03-30 15:11:41	DOWNLOAD SUCCESS			gps/data/campaign/mgex/hourly/rinex3/2013/089/14/grac089o.13d.Z	2013-03-30 15:11:43
2013-03-30 15:11:46	DOWNLOAD SUCCESS			gps/data/campaign/mgex/hourly/rinex3/2013/089/14/jfng089o.13d.Z	2013-03-30 15:11:49
2013-03-30 15:11:51	DOWNLOAD SUCCESS			gps/data/campaign/mgex/hourly/rinex3/2013/089/14/kir8089o.13d.Z	2013-03-30 15:11:53
2013-03-30 15:11:55	DOWNLOAD FAILED				gps/data/campaign/mgex/hourly/rinex3/2013/089/14/kzn2089o.13d.Z	2013-03-30 15:11:57
2013-03-30 15:11:59	DOWNLOAD SUCCESS			gps/data/campaign/mgex/hourly/rinex3/2013/089/14/mar7089o.13d.Z	2013-03-30 15:12:01
2013-03-30 15:12:03	DOWNLOAD SUCCESS			gps/data/campaign/mgex/hourly/rinex3/2013/089/14/ons1089o.13d.Z	2013-03-30 15:12:06
2013-03-30 15:12:08	DOWNLOAD SUCCESS			gps/data/campaign/mgex/hourly/rinex3/2013/089/14/reun089o.13d.Z	2013-03-30 15:12:10
2013-03-30 15:12:13	DOWNLOAD FAILED				gps/data/campaign/mgex/hourly/rinex3/2013/089/14/sin1089o.13d.Z	2013-03-30 15:12:14
2013-03-30 15:12:16	DOWNLOAD SUCCESS			gps/data/campaign/mgex/hourly/rinex3/2013/089/14/unb3089o.13d.Z	2013-03-30 15:12:19
2013-03-30 15:12:21	DOWNLOAD FAILED				gps/data/campaign/mgex/hourly/rinex3/2013/089/14/unbs089o.13d.Z	2013-03-30 15:12:22
2013-03-30 15:12:25	DOWNLOAD FAILED				gps/data/campaign/mgex/hourly/rinex3/2013/089/14/unx3089o.13d.Z	2013-03-30 15:12:26
2013-03-30 15:12:29	DOWNLOAD SUCCESS			gps/data/campaign/mgex/hourly/rinex3/2013/089/14/wtzz089o.13d.Z	2013-03-30 15:12:31
2013-03-30 15:12:33	DOWNLOAD FAILED				gps/data/campaign/mgex/hourly/rinex3/2013/089/14/zim3089o.13d.Z	2013-03-30 15:12:35
2013-03-30 15:12:36	DOWNLOAD FAILED				iGMAS/2013/089/hourly/14/45/areg089o.13r.Z	2013-03-30 15:12:37
2013-03-30 15:12:38	DOWNLOAD FAILED				iGMAS/2013/089/hourly/14/45/brst089o.13r.Z	2013-03-30 15:12:38
2013-03-30 15:12:39	DOWNLOAD FAILED				iGMAS/2013/089/hourly/14/45/brux089o.13r.Z	2013-03-30 15:12:40
2013-03-30 15:12:41	DOWNLOAD FAILED				iGMAS/2013/089/hourly/14/45/cut0089o.13r.Z	2013-03-30 15:12:42
2013-03-30 15:12:43	DOWNLOAD FAILED				iGMAS/2013/089/hourly/14/45/dlf1089o.13r.Z	2013-03-30 15:12:43
2013-03-30 15:12:44	DOWNLOAD FAILED				iGMAS/2013/089/hourly/14/45/gmsd089o.13r.Z	2013-03-30 15:12:45
2013-03-30 15:12:46	DOWNLOAD FAILED				iGMAS/2013/089/hourly/14/45/grac089o.13r.Z	2013-03-30 15:12:46
2013-03-30 15:12:48	DOWNLOAD FAILED				iGMAS/2013/089/hourly/14/45/jfng089o.13r.Z	2013-03-30 15:12:48
2013-03-30 15:12:49	DOWNLOAD FAILED				iGMAS/2013/089/hourly/14/45/kir8089o.13r.Z	2013-03-30 15:12:50
2013-03-30 15:12:51	DOWNLOAD FAILED				iGMAS/2013/089/hourly/14/45/kzn2089o.13r.Z	2013-03-30 15:12:51
2013-03-30 15:12:52	DOWNLOAD FAILED				iGMAS/2013/089/hourly/14/45/mar7089o.13r.Z	2013-03-30 15:12:53
2013-03-30 15:12:54	DOWNLOAD FAILED				iGMAS/2013/089/hourly/14/45/ons1089o.13r.Z	2013-03-30 15:12:55
2013-03-30 15:12:56	DOWNLOAD FAILED				iGMAS/2013/089/hourly/14/45/reun089o.13r.Z	2013-03-30 15:12:56
2013-03-30 15:12:57	DOWNLOAD FAILED				iGMAS/2013/089/hourly/14/45/sin1089o.13r.Z	2013-03-30 15:12:58
2013-03-30 15:12:59	DOWNLOAD FAILED				iGMAS/2013/089/hourly/14/45/unb3089o.13r.Z	2013-03-30 15:13:00
2013-03-30 15:13:01	DOWNLOAD FAILED				iGMAS/2013/089/hourly/14/45/unbs089o.13r.Z	2013-03-30 15:13:01
2013-03-30 15:13:02	DOWNLOAD FAILED				iGMAS/2013/089/hourly/14/45/unx3089o.13r.Z	2013-03-30 15:13:03
2013-03-30 15:13:04	DOWNLOAD FAILED				iGMAS/2013/089/hourly/14/45/wtzz089o.13r.Z	2013-03-30 15:13:05
2013-03-30 15:13:06	DOWNLOAD FAILED				iGMAS/2013/089/hourly/14/45/zim3089o.13r.Z	2013-03-30 15:13:06
2013-03-30 15:10:09	DOWNLOAD FAILED				pub/gps/data/hourly/2013/089/14/yarr089o.13d.Z	2013-03-30 15:10:11
2013-03-30 15:10:13	DOWNLOAD FAILED				pub/gps/data/hourly/2013/089/14/wind089o.13g.Z	2013-03-30 15:10:15
2013-03-30 15:10:17	DOWNLOAD FAILED				pub/gps/data/hourly/2013/089/14/yarr089o.13g.Z	2013-03-30 15:10:19
2013-03-30 15:10:21	DOWNLOAD FAILED				pub/gps/data/hourly/2013/089/14/zimm089o.13g.Z	2013-03-30 15:10:22
2013-03-30 15:10:25	DOWNLOAD FAILED				gps/data/campaign/mgex/hourly/rinex3/2013/089/14/areg089o.13d.Z	2013-03-30 15:10:26
2013-03-30 15:10:29	DOWNLOAD FAILED				gps/data/campaign/mgex/hourly/rinex3/2013/089/14/cut0089o.13d.Z	2013-03-30 15:10:30
2013-03-30 15:10:32	DOWNLOAD FAILED				gps/data/campaign/mgex/hourly/rinex3/2013/089/14/kzn2089o.13d.Z	2013-03-30 15:10:34
2013-03-30 15:10:36	DOWNLOAD FAILED				gps/data/campaign/mgex/hourly/rinex3/2013/089/14/sin1089o.13d.Z	2013-03-30 15:10:38
2013-03-30 15:10:40	DOWNLOAD FAILED				gps/data/campaign/mgex/hourly/rinex3/2013/089/14/unbs089o.13d.Z	2013-03-30 15:10:42
2013-03-30 15:10:44	DOWNLOAD FAILED				gps/data/campaign/mgex/hourly/rinex3/2013/089/14/unx3089o.13d.Z	2013-03-30 15:10:46
2013-03-30 15:10:48	DOWNLOAD FAILED				gps/data/campaign/mgex/hourly/rinex3/2013/089/14/zim3089o.13d.Z	2013-03-30 15:10:49
2013-03-30 15:10:51	DOWNLOAD FAILED				iGMAS/2013/089/hourly/14/45/areg089o.13r.Z	2013-03-30 15:10:51
2013-03-30 15:10:52	DOWNLOAD FAILED				iGMAS/2013/089/hourly/14/45/brst089o.13r.Z	2013-03-30 15:10:53
2013-03-30 15:10:54	DOWNLOAD FAILED				iGMAS/2013/089/hourly/14/45/brux089o.13r.Z	2013-03-30 15:10:54
2013-03-30 15:10:56	DOWNLOAD FAILED				iGMAS/2013/089/hourly/14/45/cut0089o.13r.Z	2013-03-30 15:10:56
2013-03-30 15:10:57	DOWNLOAD FAILED				iGMAS/2013/089/hourly/14/45/dlf1089o.13r.Z	2013-03-30 15:10:58
2013-03-30 15:10:59	DOWNLOAD FAILED				iGMAS/2013/089/hourly/14/45/gmsd089o.13r.Z	2013-03-30 15:10:59
2013-03-30 15:11:00	DOWNLOAD FAILED				iGMAS/2013/089/hourly/14/45/grac089o.13r.Z	2013-03-30 15:11:01
2013-03-30 15:11:02	DOWNLOAD FAILED				iGMAS/2013/089/hourly/14/45/jfng089o.13r.Z	2013-03-30 15:11:03
2013-03-30 15:11:04	DOWNLOAD FAILED				iGMAS/2013/089/hourly/14/45/kir8089o.13r.Z	2013-03-30 15:11:04
2013-03-30 15:11:05	DOWNLOAD FAILED				iGMAS/2013/089/hourly/14/45/kzn2089o.13r.Z	2013-03-30 15:11:06
2013-03-30 15:11:07	DOWNLOAD FAILED				iGMAS/2013/089/hourly/14/45/mar7089o.13r.Z	2013-03-30 15:11:08
2013-03-30 15:11:09	DOWNLOAD FAILED				iGMAS/2013/089/hourly/14/45/ons1089o.13r.Z	2013-03-30 15:11:09
2013-03-30 15:11:11	DOWNLOAD FAILED				iGMAS/2013/089/hourly/14/45/reun089o.13r.Z	2013-03-30 15:11:11
2013-03-30 15:11:12	DOWNLOAD FAILED				iGMAS/2013/089/hourly/14/45/sin1089o.13r.Z	2013-03-30 15:11:13
2013-03-30 15:11:14	DOWNLOAD FAILED				iGMAS/2013/089/hourly/14/45/unb3089o.13r.Z	2013-03-30 15:11:14
2013-03-30 15:11:15	DOWNLOAD FAILED				iGMAS/2013/089/hourly/14/45/unbs089o.13r.Z	2013-03-30 15:11:16
2013-03-30 15:11:17	DOWNLOAD FAILED				iGMAS/2013/089/hourly/14/45/unx3089o.13r.Z	2013-03-30 15:11:18
2013-03-30 15:11:19	DOWNLOAD FAILED				iGMAS/2013/089/hourly/14/45/wtzz089o.13r.Z	2013-03-30 15:11:19
2013-03-30 15:11:20	DOWNLOAD FAILED				iGMAS/2013/089/hourly/14/45/zim3089o.13r.Z	2013-03-30 15:11:21
