2013-03-30 15:10:07	DOWNLOAD FAILED				pub/gps/data/hourly/2013/089/14/yarr089o.13d.Z	2013-03-30 15:10:08
2013-03-30 15:10:06	DOWNLOAD FAILED				pub/gps/data/hourly/2013/089/14/yarr089o.13d.Z	2013-03-30 15:10:08
2013-03-30 15:10:10	DOWNLOAD FAILED				pub/gps/data/hourly/2013/089/14/wind089o.13g.Z	2013-03-30 15:10:12
2013-03-30 15:10:13	DOWNLOAD FAILED				pub/gps/data/hourly/2013/089/14/yarr089o.13g.Z	2013-03-30 15:10:15
2013-03-30 15:10:17	DOWNLOAD FAILED				pub/gps/data/hourly/2013/089/14/zimm089o.13g.Z	2013-03-30 15:10:19
2013-03-30 15:10:20	DOWNLOAD FAILED				gps/data/campaign/mgex/hourly/rinex3/2013/089/14/areg089o.13d.Z	2013-03-30 15:10:22
2013-03-30 15:10:24	DOWNLOAD FAILED				gps/data/campaign/mgex/hourly/rinex3/2013/089/14/cut0089o.13d.Z	2013-03-30 15:10:26
2013-03-30 15:10:27	DOWNLOAD FAILED				gps/data/campaign/mgex/hourly/rinex3/2013/089/14/kzn2089o.13d.Z	2013-03-30 15:10:29
2013-03-30 15:10:31	DOWNLOAD FAILED				gps/data/campaign/mgex/hourly/rinex3/2013/089/14/sin1089o.13d.Z	2013-03-30 15:10:33
2013-03-30 15:10:34	DOWNLOAD FAILED				gps/data/campaign/mgex/hourly/rinex3/2013/089/14/unbs089o.13d.Z	2013-03-30 15:10:36
2013-03-30 15:10:38	DOWNLOAD FAILED				gps/data/campaign/mgex/hourly/rinex3/2013/089/14/unx3089o.13d.Z	2013-03-30 15:10:40
2013-03-30 15:10:41	DOWNLOAD FAILED				gps/data/campaign/mgex/hourly/rinex3/2013/089/14/zim3089o.13d.Z	2013-03-30 15:10:43
2013-03-30 15:10:44	DOWNLOAD FAILED				iGMAS/2013/089/hourly/14/45/areg089o.13r.Z	2013-03-30 15:10:45
2013-03-30 15:10:46	DOWNLOAD FAILED				iGMAS/2013/089/hourly/14/45/brst089o.13r.Z	2013-03-30 15:10:46
2013-03-30 15:10:48	DOWNLOAD FAILED				iGMAS/2013/089/hourly/14/45/brux089o.13r.Z	2013-03-30 15:10:48
2013-03-30 15:10:49	DOWNLOAD FAILED				iGMAS/2013/089/hourly/14/45/cut0089o.13r.Z	2013-03-30 15:10:50
2013-03-30 15:10:51	DOWNLOAD FAILED				iGMAS/2013/089/hourly/14/45/dlf1089o.13r.Z	2013-03-30 15:10:51
2013-03-30 15:10:52	DOWNLOAD FAILED				iGMAS/2013/089/hourly/14/45/gmsd089o.13r.Z	2013-03-30 15:10:53
2013-03-30 15:10:54	DOWNLOAD FAILED				iGMAS/2013/089/hourly/14/45/grac089o.13r.Z	2013-03-30 15:10:55
2013-03-30 15:10:56	DOWNLOAD FAILED				iGMAS/2013/089/hourly/14/45/jfng089o.13r.Z	2013-03-30 15:10:56
2013-03-30 15:10:57	DOWNLOAD FAILED				iGMAS/2013/089/hourly/14/45/kir8089o.13r.Z	2013-03-30 15:10:58
2013-03-30 15:10:59	DOWNLOAD FAILED				iGMAS/2013/089/hourly/14/45/kzn2089o.13r.Z	2013-03-30 15:11:00
2013-03-30 15:11:01	DOWNLOAD FAILED				iGMAS/2013/089/hourly/14/45/mar7089o.13r.Z	2013-03-30 15:11:01
2013-03-30 15:11:02	DOWNLOAD FAILED				iGMAS/2013/089/hourly/14/45/ons1089o.13r.Z	2013-03-30 15:11:03
2013-03-30 15:11:04	DOWNLOAD FAILED				iGMAS/2013/089/hourly/14/45/reun089o.13r.Z	2013-03-30 15:11:05
2013-03-30 15:11:06	DOWNLOAD FAILED				iGMAS/2013/089/hourly/14/45/sin1089o.13r.Z	2013-03-30 15:11:06
2013-03-30 15:11:07	DOWNLOAD FAILED				iGMAS/2013/089/hourly/14/45/unb3089o.13r.Z	2013-03-30 15:11:08
2013-03-30 15:11:09	DOWNLOAD FAILED				iGMAS/2013/089/hourly/14/45/unbs089o.13r.Z	2013-03-30 15:11:09
2013-03-30 15:11:11	DOWNLOAD FAILED				iGMAS/2013/089/hourly/14/45/unx3089o.13r.Z	2013-03-30 15:11:11
2013-03-30 15:11:12	DOWNLOAD FAILED				iGMAS/2013/089/hourly/14/45/wtzz089o.13r.Z	2013-03-30 15:11:13
2013-03-30 15:11:14	DOWNLOAD FAILED				iGMAS/2013/089/hourly/14/45/zim3089o.13r.Z	2013-03-30 15:11:14
