abmf
abpo
adis
albh
algo
alic
alrt
amc2
ankr
areq
arev
artu
aspa
auck
azco
azgb
badg
bake
bako
barh
bdos
bisk
bjco
bjfs
bjnm
bndy
boav
bogo
bogt
bor1
braz
brft
brmu
brst
brux
bshm
cagl
cags
cagz
call
cas1
ccj2
cedu
chti
chur
cnmr
coco
conz
cpxf
crar
cro1
ctwn
daej
darw
dav1
dgar
dgav
drao
dubo
etad
faa1
fair
faiv
flin
flrs
frdn
func
ganp
glps
glsv
gmsd
gode
godz
gold
gope
gras
graz
guam
guat
guug
harb
harv
hers
hert
hnpt
hob2
hofn
hofs
holm
hrao
hyde
iddr
iisc
ineg
invk
iqal
iqui
irkj
irkt
isba
jog2
joz2
joze
karr
kat1
kely
kerg
khar
kir0
kit3
kokb
kokv
kour
lama
lck2
lcki
lhaz
lmmf
lpal
lpgs
m0se
mac1
mag0
mal2
mana
mas1
mat1
mate
maw1
mbar
mccj
mcil
mcm4
mdo1
mdvj
medi
mets
mgue
mizu
mkea
mnls
mobj
mobk
mobs
monp
morp
mqzg
nano
nic2
nico
nist
nklg
not1
novm
nrc1
nril
nrmd
ntus
nurk
nya1
ohi2
onsa
opmt
ouag
pado
palv
park
pbr2
pbri
pdel
penc
pert
pfa2
pie1
pimo
pol2
polv
pots
pove
ptag
ptbb
qaq1
quin
rabt
ramo
recf
reso
reun
rey2
reyk
rio2
riop
rosa
roth
sant
savo
sch2
scor
sfer
shao
smst
spt0
ssia
sthl
stjo
stk2
str2
suth
sutm
sutv
suwn
sydn
syog
tabv
tah1
tah2
tash
thti
thu2
thu3
tid1
tidb
tixg
tixi
tlse
tn22
tow2
tro1
tsea
tskb
twtf
txes
ufpr
ulab
unb3
unbj
unbn
unbt
unsa
untr
urum
urus
vaco
vald
vill
vtsp
wes2
wgtn
whit
will
wind
wsrt
wtzr
wtzz
wuhn
yakt
yar2
yar3
yarr
ycba
yell
ykro
yssk
zamb
zeck
zim2
zimj
zimm
zwe2