2013-08-12 03:00:07	FILE NOEXIST		ACI17541_02.irt.Z	2013-08-12 03:00:07
2013-08-12 03:00:07	FILE NOEXIST		ACI03981_02.irt.Z	2013-08-12 03:00:07
2013-08-12 04:00:06	FILE NOEXIST		ACI17541_03.irt.Z	2013-08-12 04:00:06
2013-08-12 04:00:06	FILE NOEXIST		ACI03981_03.irt.Z	2013-08-12 04:00:06
2013-08-12 05:00:07	FILE NOEXIST		ACI17541_04.irt.Z	2013-08-12 05:00:07
2013-08-12 05:00:07	FILE NOEXIST		ACI03981_04.irt.Z	2013-08-12 05:00:07
2013-08-12 06:00:06	FILE NOEXIST		ACI17541_05.irt.Z	2013-08-12 06:00:06
2013-08-12 06:00:06	FILE NOEXIST		ACI03981_05.irt.Z	2013-08-12 06:00:06
2013-08-12 07:00:06	FILE NOEXIST		ACI17541_06.irt.Z	2013-08-12 07:00:06
2013-08-12 07:00:06	FILE NOEXIST		ACI03981_06.irt.Z	2013-08-12 07:00:06
2013-08-12 08:00:01	FILE NOEXIST		ACU17541_06.tro.Z	2013-08-12 08:00:01
2013-08-12 08:00:01	FILE NOEXIST		ACU17541_06.erp.Z	2013-08-12 08:00:01
2013-08-12 08:00:01	FILE NOEXIST		ACU17541_06.sp3.Z	2013-08-12 08:00:01
2013-08-12 08:00:01	FILE NOEXIST		ACU03981_06.tro.Z	2013-08-12 08:00:01
2013-08-12 08:00:01	FILE NOEXIST		ACU03981_06.erp.Z	2013-08-12 08:00:01
2013-08-12 08:00:01	FILE NOEXIST		ACU03981_06.sp3.Z	2013-08-12 08:00:01
2013-08-12 08:00:06	FILE NOEXIST		ACI17541_07.irt.Z	2013-08-12 08:00:06
2013-08-12 08:00:06	FILE NOEXIST		ACI03981_07.irt.Z	2013-08-12 08:00:06
2013-08-12 08:19:23	UPLOAD SUCCESS				AAC19207.snx.Z	2013-08-12 08:19:25
2013-08-12 08:19:26	UPLOAD SUCCESS				AAC19207.clk.Z	2013-08-12 08:19:28
2013-08-12 08:19:30	UPLOAD SUCCESS				AAC19207.sp3.Z	2013-08-12 08:19:31
2013-08-12 08:19:33	UPLOAD SUCCESS				AAC19207.snx.Z	2013-08-12 08:19:35
2013-08-12 08:19:37	UPLOAD SUCCESS				AAC19207.clk.Z	2013-08-12 08:19:38
2013-08-12 08:19:40	UPLOAD SUCCESS				AAC19207.sp3.Z	2013-08-12 08:19:42
2013-08-12 08:19:44	UPLOAD SUCCESS				AAC19417.snx.Z	2013-08-12 08:19:46
2013-08-12 08:19:48	UPLOAD SUCCESS				AAC19417.clk.Z	2013-08-12 08:19:49
2013-08-12 08:19:51	UPLOAD SUCCESS				AAC19417.sp3.Z	2013-08-12 08:19:53
2013-08-12 08:19:55	UPLOAD SUCCESS				AAC19417.snx.Z	2013-08-12 08:19:56
2013-08-12 08:19:58	UPLOAD SUCCESS				AAC19417.clk.Z	2013-08-12 08:20:00
2013-08-12 08:20:02	UPLOAD SUCCESS				AAC19417.sp3.Z	2013-08-12 08:20:03
2013-08-12 08:20:05	UPLOAD SUCCESS				AAC19387.snx.Z	2013-08-12 08:20:07
2013-08-12 08:20:09	UPLOAD SUCCESS				AAC19387.clk.Z	2013-08-12 08:20:10
2013-08-12 08:20:12	UPLOAD SUCCESS				AAC19387.sp3.Z	2013-08-12 08:20:14
2013-08-12 08:20:15	UPLOAD SUCCESS				AAC19387.snx.Z	2013-08-12 08:20:17
2013-08-12 08:20:19	UPLOAD SUCCESS				AAC19387.clk.Z	2013-08-12 08:20:20
2013-08-12 08:20:22	UPLOAD SUCCESS				AAC19387.sp3.Z	2013-08-12 08:20:24
2013-08-12 08:20:26	UPLOAD SUCCESS				AAC19357.snx.Z	2013-08-12 08:20:27
2013-08-12 08:20:29	UPLOAD SUCCESS				AAC19357.clk.Z	2013-08-12 08:20:31
2013-08-12 08:20:33	UPLOAD SUCCESS				AAC19357.sp3.Z	2013-08-12 08:20:34
2013-08-12 08:20:36	UPLOAD SUCCESS				AAC19357.snx.Z	2013-08-12 08:20:38
2013-08-12 08:20:40	UPLOAD SUCCESS				AAC19357.clk.Z	2013-08-12 08:20:41
2013-08-12 08:20:43	UPLOAD SUCCESS				AAC19357.sp3.Z	2013-08-12 08:20:45
2013-08-12 08:20:47	UPLOAD SUCCESS				AAC19327.snx.Z	2013-08-12 08:20:48
2013-08-12 08:20:50	UPLOAD SUCCESS				AAC19327.clk.Z	2013-08-12 08:20:52
2013-08-12 08:20:54	UPLOAD SUCCESS				AAC19327.sp3.Z	2013-08-12 08:20:55
2013-08-12 08:20:57	UPLOAD SUCCESS				AAC19327.snx.Z	2013-08-12 08:20:59
2013-08-12 08:21:00	UPLOAD SUCCESS				AAC19327.clk.Z	2013-08-12 08:21:02
2013-08-12 08:21:04	UPLOAD SUCCESS				AAC19327.sp3.Z	2013-08-12 08:21:05
2013-08-12 08:21:07	UPLOAD SUCCESS				AAC19297.snx.Z	2013-08-12 08:21:09
2013-08-12 08:21:11	UPLOAD SUCCESS				AAC19297.clk.Z	2013-08-12 08:21:12
2013-08-12 08:21:14	UPLOAD SUCCESS				AAC19297.sp3.Z	2013-08-12 08:21:16
2013-08-12 08:21:18	UPLOAD SUCCESS				AAC19297.snx.Z	2013-08-12 08:21:19
2013-08-12 08:21:21	UPLOAD SUCCESS				AAC19297.clk.Z	2013-08-12 08:21:23
2013-08-12 08:21:25	UPLOAD SUCCESS				AAC19297.sp3.Z	2013-08-12 08:21:26
2013-08-12 08:21:28	UPLOAD SUCCESS				AAC19267.snx.Z	2013-08-12 08:21:30
2013-08-12 08:21:32	UPLOAD SUCCESS				AAC19267.clk.Z	2013-08-12 08:21:33
2013-08-12 08:21:35	UPLOAD SUCCESS				AAC19267.sp3.Z	2013-08-12 08:21:37
2013-08-12 08:21:39	UPLOAD SUCCESS				AAC19267.snx.Z	2013-08-12 08:21:40
2013-08-12 08:21:42	UPLOAD SUCCESS				AAC19267.clk.Z	2013-08-12 08:21:44
2013-08-12 08:21:45	UPLOAD SUCCESS				AAC19267.sp3.Z	2013-08-12 08:21:47
2013-08-12 08:21:49	UPLOAD SUCCESS				AAC19237.snx.Z	2013-08-12 08:21:50
2013-08-12 08:21:52	UPLOAD SUCCESS				AAC19237.clk.Z	2013-08-12 08:21:54
2013-08-12 08:21:56	UPLOAD SUCCESS				AAC19237.sp3.Z	2013-08-12 08:21:57
2013-08-12 08:21:59	UPLOAD SUCCESS				AAC19237.snx.Z	2013-08-12 08:22:01
2013-08-12 08:22:03	UPLOAD SUCCESS				AAC19237.clk.Z	2013-08-12 08:22:04
2013-08-12 08:22:06	UPLOAD SUCCESS				AAC19237.sp3.Z	2013-08-12 08:22:08
2013-08-12 08:22:10	UPLOAD SUCCESS				AAC20087.snx.Z	2013-08-12 08:22:12
2013-08-12 08:22:14	UPLOAD SUCCESS				AAC20087.clk.Z	2013-08-12 08:22:15
2013-08-12 08:22:17	UPLOAD SUCCESS				AAC20087.sp3.Z	2013-08-12 08:22:19
2013-08-12 08:22:21	UPLOAD SUCCESS				AAC20087.snx.Z	2013-08-12 08:22:22
2013-08-12 08:22:24	UPLOAD SUCCESS				AAC20087.clk.Z	2013-08-12 08:22:26
2013-08-12 08:22:28	UPLOAD SUCCESS				AAC20087.sp3.Z	2013-08-12 08:22:29
2013-08-12 08:22:31	UPLOAD SUCCESS				AAC20057.snx.Z	2013-08-12 08:22:33
2013-08-12 08:22:35	UPLOAD SUCCESS				AAC20057.clk.Z	2013-08-12 08:22:36
2013-08-12 08:22:38	UPLOAD SUCCESS				AAC20057.sp3.Z	2013-08-12 08:22:40
2013-08-12 08:22:42	UPLOAD SUCCESS				AAC20057.snx.Z	2013-08-12 08:22:43
2013-08-12 08:22:45	UPLOAD SUCCESS				AAC20057.clk.Z	2013-08-12 08:22:47
2013-08-12 08:22:49	UPLOAD SUCCESS				AAC20057.sp3.Z	2013-08-12 08:22:50
2013-08-12 08:22:52	UPLOAD SUCCESS				AAC20027.snx.Z	2013-08-12 08:22:54
2013-08-12 08:22:55	UPLOAD SUCCESS				AAC20027.clk.Z	2013-08-12 08:22:57
2013-08-12 08:22:59	UPLOAD SUCCESS				AAC20027.sp3.Z	2013-08-12 08:23:00
2013-08-12 08:23:02	UPLOAD SUCCESS				AAC20027.snx.Z	2013-08-12 08:23:04
2013-08-12 08:23:06	UPLOAD SUCCESS				AAC20027.clk.Z	2013-08-12 08:23:07
2013-08-12 08:23:09	UPLOAD SUCCESS				AAC20027.sp3.Z	2013-08-12 08:23:11
2013-08-12 08:23:13	UPLOAD SUCCESS				AAC19597.snx.Z	2013-08-12 08:23:14
2013-08-12 08:23:16	UPLOAD SUCCESS				AAC19597.clk.Z	2013-08-12 08:23:18
2013-08-12 08:23:20	UPLOAD SUCCESS				AAC19597.sp3.Z	2013-08-12 08:23:21
2013-08-12 08:23:23	UPLOAD SUCCESS				AAC19597.snx.Z	2013-08-12 08:23:24
2013-08-12 08:23:26	UPLOAD SUCCESS				AAC19597.clk.Z	2013-08-12 08:23:28
2013-08-12 08:23:30	UPLOAD SUCCESS				AAC19597.sp3.Z	2013-08-12 08:23:31
2013-08-12 08:23:33	UPLOAD SUCCESS				AAC19567.snx.Z	2013-08-12 08:23:35
2013-08-12 08:23:37	UPLOAD SUCCESS				AAC19567.clk.Z	2013-08-12 08:23:38
2013-08-12 08:23:40	UPLOAD SUCCESS				AAC19567.sp3.Z	2013-08-12 08:23:42
2013-08-12 08:23:44	UPLOAD SUCCESS				AAC19567.snx.Z	2013-08-12 08:23:45
2013-08-12 08:23:47	UPLOAD SUCCESS				AAC19567.clk.Z	2013-08-12 08:23:49
2013-08-12 08:23:51	UPLOAD SUCCESS				AAC19567.sp3.Z	2013-08-12 08:23:52
2013-08-12 08:23:54	UPLOAD SUCCESS				AAC19537.snx.Z	2013-08-12 08:23:56
2013-08-12 08:23:58	UPLOAD SUCCESS				AAC19537.clk.Z	2013-08-12 08:23:59
2013-08-12 08:24:01	UPLOAD SUCCESS				AAC19537.sp3.Z	2013-08-12 08:24:03
2013-08-12 08:24:05	UPLOAD SUCCESS				AAC19537.snx.Z	2013-08-12 08:24:06
2013-08-12 08:24:08	UPLOAD SUCCESS				AAC19537.clk.Z	2013-08-12 08:24:10
2013-08-12 08:24:12	UPLOAD SUCCESS				AAC19537.sp3.Z	2013-08-12 08:24:13
2013-08-12 08:24:15	UPLOAD SUCCESS				AAC19507.snx.Z	2013-08-12 08:24:17
2013-08-12 08:24:18	UPLOAD SUCCESS				AAC19507.clk.Z	2013-08-12 08:24:20
2013-08-12 08:24:22	UPLOAD SUCCESS				AAC19507.sp3.Z	2013-08-12 08:24:23
2013-08-12 08:24:25	UPLOAD SUCCESS				AAC19507.snx.Z	2013-08-12 08:24:27
2013-08-12 08:24:29	UPLOAD SUCCESS				AAC19507.clk.Z	2013-08-12 08:24:30
2013-08-12 08:24:32	UPLOAD SUCCESS				AAC19507.sp3.Z	2013-08-12 08:24:34
2013-08-12 08:24:36	UPLOAD SUCCESS				AAC19477.snx.Z	2013-08-12 08:24:37
2013-08-12 08:24:39	UPLOAD SUCCESS				AAC19477.clk.Z	2013-08-12 08:24:41
2013-08-12 08:24:43	UPLOAD SUCCESS				AAC19477.sp3.Z	2013-08-12 08:24:44
2013-08-12 08:24:46	UPLOAD SUCCESS				AAC19477.snx.Z	2013-08-12 08:24:48
2013-08-12 08:24:50	UPLOAD SUCCESS				AAC19477.clk.Z	2013-08-12 08:24:51
2013-08-12 08:24:53	UPLOAD SUCCESS				AAC19477.sp3.Z	2013-08-12 08:24:55
2013-08-12 08:24:57	UPLOAD SUCCESS				AAC19447.snx.Z	2013-08-12 08:24:58
2013-08-12 08:25:00	UPLOAD SUCCESS				AAC19447.clk.Z	2013-08-12 08:25:02
2013-08-12 08:25:04	UPLOAD SUCCESS				AAC19447.sp3.Z	2013-08-12 08:25:05
2013-08-12 08:25:07	UPLOAD SUCCESS				AAC19447.snx.Z	2013-08-12 08:25:09
2013-08-12 08:25:11	UPLOAD SUCCESS				AAC19447.clk.Z	2013-08-12 08:25:12
2013-08-12 08:25:14	UPLOAD SUCCESS				AAC19447.sp3.Z	2013-08-12 08:25:16
