2013-08-04 00:10:01	DOWNLOAD SUCCESS			download/iGMAS/2013/215/hourly/D/23/ssss215x.13D.Z	2013-08-04 00:10:09
2013-08-04 00:10:10	DOWNLOAD SUCCESS			download/iGMAS/2013/215/hourly/N/23/ssss215x.13N.Z	2013-08-04 00:10:17
2013-08-04 00:10:18	DOWNLOAD SUCCESS			download/iGMAS/2013/215/hourly/G/23/ssss215x.13G.Z	2013-08-04 00:10:25
2013-08-04 00:10:26	DOWNLOAD SUCCESS			download/iGMAS/2013/215/hourly/L/23/ssss215x.13L.Z	2013-08-04 00:10:32
2013-08-04 00:10:33	DOWNLOAD SUCCESS			download/iGMAS/2013/215/hourly/R/23/ssss215x.13R.Z	2013-08-04 00:10:39
2013-08-04 00:10:40	DOWNLOAD SUCCESS			download/iGMAS/2013/215/hourly/M/23/ssss215x.13M.Z	2013-08-04 00:10:47
2013-08-04 00:10:48	DOWNLOAD SUCCESS			download/iGMAS/2013/215/hourly/T/23/ssss215x.13T.Z	2013-08-04 00:10:58
2013-08-04 00:10:59	DOWNLOAD SUCCESS			download/iGMAS/2013/215/hourly/J/23/ssss215x.13J.Z	2013-08-04 00:11:05
2013-08-04 00:11:06	DOWNLOAD SUCCESS			download/iGMAS/2013/215/hourly/A/23/ssss215x.13A.Z	2013-08-04 00:11:13
2013-08-04 00:11:14	DOWNLOAD SUCCESS			download/iGMAS/2013/215/hourly/K/23/ssss215x.13K.Z	2013-08-04 00:11:21
2013-08-04 00:11:22	DOWNLOAD SUCCESS			download/iGMAS/2013/215/hourly/I/23/ssss215x.13I.Z	2013-08-04 00:11:28
2013-08-04 00:11:28	DOWNLOAD SUCCESS			download/iGMAS/2013/215/hourly/E/23/ssss215x.13E.Z	2013-08-04 00:11:34
2013-08-04 00:11:35	DOWNLOAD SUCCESS			download/iGMAS/2013/215/highrate/D/23/45/ssss215x45.13D.Z	2013-08-04 00:11:43
2013-08-04 00:11:44	DOWNLOAD SUCCESS			download/iGMAS/2013/215/highrate/N/23/45/ssss215x45.13N.Z	2013-08-04 00:11:51
2013-08-04 00:11:52	DOWNLOAD SUCCESS			download/iGMAS/2013/215/highrate/G/23/45/ssss215x45.13G.Z	2013-08-04 00:11:58
2013-08-04 00:12:02	DOWNLOAD SUCCESS			download/iGMAS/2013/215/highrate/L/23/45/ssss215x45.13L.Z	2013-08-04 00:12:06
2013-08-04 00:12:07	DOWNLOAD SUCCESS			download/iGMAS/2013/215/highrate/R/23/45/ssss215x45.13R.Z	2013-08-04 00:12:13
2013-08-04 00:12:14	DOWNLOAD SUCCESS			download/iGMAS/2013/215/highrate/M/23/45/ssss215x45.13M.Z	2013-08-04 00:12:20
2013-08-04 00:25:01	DOWNLOAD SUCCESS			download/iGMAS/2013/216/highrate/D/00/00/ssss216a00.13D.Z	2013-08-04 00:25:14
2013-08-04 00:25:15	DOWNLOAD SUCCESS			download/iGMAS/2013/216/highrate/N/00/00/ssss216a00.13N.Z	2013-08-04 00:25:29
2013-08-04 00:25:30	DOWNLOAD SUCCESS			download/iGMAS/2013/216/highrate/G/00/00/ssss216a00.13G.Z	2013-08-04 00:25:41
2013-08-04 00:25:42	DOWNLOAD SUCCESS			download/iGMAS/2013/216/highrate/L/00/00/ssss216a00.13L.Z	2013-08-04 00:25:53
2013-08-04 00:25:55	DOWNLOAD SUCCESS			download/iGMAS/2013/216/highrate/R/00/00/ssss216a00.13R.Z	2013-08-04 00:26:06
2013-08-04 00:26:07	DOWNLOAD SUCCESS			download/iGMAS/2013/216/highrate/M/00/00/ssss216a00.13M.Z	2013-08-04 00:26:19
2013-08-04 00:40:01	DOWNLOAD SUCCESS			download/iGMAS/2013/216/highrate/D/00/15/ssss216a15.13D.Z	2013-08-04 00:40:08
2013-08-04 00:40:09	DOWNLOAD SUCCESS			download/iGMAS/2013/216/highrate/N/00/15/ssss216a15.13N.Z	2013-08-04 00:40:18
2013-08-04 00:40:19	DOWNLOAD SUCCESS			download/iGMAS/2013/216/highrate/G/00/15/ssss216a15.13G.Z	2013-08-04 00:40:29
2013-08-04 00:40:30	DOWNLOAD SUCCESS			download/iGMAS/2013/216/highrate/L/00/15/ssss216a15.13L.Z	2013-08-04 00:40:38
2013-08-04 00:40:39	DOWNLOAD SUCCESS			download/iGMAS/2013/216/highrate/R/00/15/ssss216a15.13R.Z	2013-08-04 00:40:51
2013-08-04 00:40:52	DOWNLOAD SUCCESS			download/iGMAS/2013/216/highrate/M/00/15/ssss216a15.13M.Z	2013-08-04 00:41:01
