adis
alic
ankr
alrt
areq
aspa
auck
badg
bako
bjco
bogo
braz
brft 
brmu 
brst 
cagz
call 
cas1 
cedu
chti
chur 
cnmr 
coco 
conz 
crar 
darw 
dav1 
dgav 
dubo 
faiv 
flin 
flrs 
frdn 
func
ganp 
glps
glsv 
godz 
gope 
guam 
guat 
guug 
hert 
hnpt 
hob2 
hofn
holm
iisc
ineg 
iqal 
isba
joz2 
kour 
lama 
lhaz 
lpal 
mac1 
mal2 
mas1 
mat1 
mate 
maw1 
mccj 
mizu 
mkea
mobj 
mobs 
nano 
nklg 
ntus 
nurk 
ohi3 
onsa 
park 
pdel 
penc 
pfa2 
pots 
reun
reyk
rio2 
str2 
sutv 
sydn 
thti 
thu2 
tid1
tn22 
tow2 
unb3 
unbj 
usud 
vald 
whit 
wind
wtzz 
xmis
yarr 
zim2 
zimm
