2013-08-11 14:58:34	DOWNLOAD SUCCESS			AAC58217.sp3.Z	
2013-08-11 14:59:35	DOWNLOAD SUCCESS			AAC59087.ion.Z	
2013-08-11 14:59:44	DOWNLOAD SUCCESS			AAC59087.clk.Z	
2013-08-11 14:59:53	DOWNLOAD SUCCESS			AAC59087.sp3.Z	
2013-08-11 15:00:02	DOWNLOAD SUCCESS			AAC59087.sum.Z	
2013-08-11 15:01:26	DOWNLOAD SUCCESS			AAC01137.sp3.Z	
2013-08-11 15:01:35	DOWNLOAD SUCCESS			AAC01137.erp.Z	
2013-08-11 15:01:44	DOWNLOAD SUCCESS			AAC01137.snx.Z	
2013-08-11 15:01:53	DOWNLOAD SUCCESS			AAC01137.clk.Z	
2013-08-11 15:02:02	DOWNLOAD SUCCESS			AAC01137.sp3.Z	
2013-08-11 15:02:11	DOWNLOAD SUCCESS			AAC01137.sum.Z	
2013-08-11 15:02:20	DOWNLOAD SUCCESS			AAC01137.ion.Z	
2013-08-11 15:02:29	DOWNLOAD SUCCESS			AAC01137.tro.Z	
2013-08-11 15:02:38	DOWNLOAD SUCCESS			AAC01137.erp.Z	
2013-08-11 15:02:47	DOWNLOAD SUCCESS			AAC01137.snx.Z	
2013-08-11 15:02:56	DOWNLOAD SUCCESS			AAC01137.clk.Z	
2013-08-11 15:03:05	DOWNLOAD SUCCESS			AAC01137.sp3.Z	
2013-08-11 15:03:14	DOWNLOAD SUCCESS			AAC01137.sum.Z	
2013-08-11 15:03:23	DOWNLOAD SUCCESS			AAC01137.ion.Z	
2013-08-11 15:03:32	DOWNLOAD SUCCESS			AAC01137.tro.Z	
2013-08-11 15:03:41	DOWNLOAD SUCCESS			AAC01137.erp.Z	
2013-08-11 15:03:50	DOWNLOAD SUCCESS			AAC01137.snx.Z	
2013-08-11 15:03:59	DOWNLOAD SUCCESS			AAC01137.clk.Z	
2013-08-11 15:04:08	DOWNLOAD SUCCESS			AAC01137.sp3.Z	
2013-08-11 15:04:17	DOWNLOAD SUCCESS			AAC01137.sum.Z	
2013-08-11 15:04:26	DOWNLOAD SUCCESS			AAC01137.ion.Z	
2013-08-11 15:04:35	DOWNLOAD SUCCESS			AAC01137.tro.Z	
2013-08-11 15:04:44	DOWNLOAD SUCCESS			AAC01137.erp.Z	
2013-08-11 15:04:53	DOWNLOAD SUCCESS			AAC01137.snx.Z	
2013-08-11 15:05:02	DOWNLOAD SUCCESS			AAC01137.clk.Z	
2013-08-11 15:05:11	DOWNLOAD SUCCESS			AAC01137.sp3.Z	
2013-08-11 15:05:20	DOWNLOAD SUCCESS			AAC01137.sum.Z	
2013-08-11 15:05:29	DOWNLOAD SUCCESS			AAC01137.ion.Z	
2013-08-11 15:05:38	DOWNLOAD SUCCESS			AAC01137.tro.Z	
2013-08-11 15:05:47	DOWNLOAD SUCCESS			AAC01137.erp.Z	
2013-08-11 15:05:56	DOWNLOAD SUCCESS			AAC01137.snx.Z	
2013-08-11 15:06:05	DOWNLOAD SUCCESS			AAC01137.clk.Z	
2013-08-11 15:06:14	DOWNLOAD SUCCESS			AAC01137.sp3.Z	
2013-08-11 15:06:23	DOWNLOAD SUCCESS			AAC01137.sum.Z	
2013-08-11 15:06:32	DOWNLOAD SUCCESS			AAC01137.ion.Z	
2013-08-11 15:06:41	DOWNLOAD SUCCESS			AAC01137.tro.Z	
2013-08-11 15:06:50	DOWNLOAD SUCCESS			AAC01137.erp.Z	
2013-08-11 15:06:59	DOWNLOAD SUCCESS			AAC01137.snx.Z	
2013-08-11 15:07:08	DOWNLOAD SUCCESS			AAC01137.clk.Z	
2013-08-11 15:07:17	DOWNLOAD SUCCESS			AAC01137.sp3.Z	
2013-08-11 15:07:26	DOWNLOAD SUCCESS			AAC01137.sum.Z	
2013-08-11 15:07:35	DOWNLOAD SUCCESS			AAC01137.ion.Z	
2013-08-11 15:07:44	DOWNLOAD SUCCESS			AAC01137.tro.Z	
2013-08-11 15:07:53	DOWNLOAD SUCCESS			AAC01137.erp.Z	
2013-08-11 15:08:02	DOWNLOAD SUCCESS			AAC01137.snx.Z	
2013-08-11 15:08:11	DOWNLOAD SUCCESS			AAC01137.clk.Z	
2013-08-11 15:08:20	DOWNLOAD SUCCESS			AAC01137.sp3.Z	
2013-08-11 15:08:29	DOWNLOAD SUCCESS			AAC07587.sum.Z	
2013-08-11 15:08:38	DOWNLOAD SUCCESS			AAC07587.ion.Z	
2013-08-11 15:08:47	DOWNLOAD SUCCESS			AAC07587.tro.Z	
2013-08-11 15:08:56	DOWNLOAD SUCCESS			AAC07587.erp.Z	
2013-08-11 15:09:05	DOWNLOAD SUCCESS			AAC07587.snx.Z	
2013-08-11 15:09:14	DOWNLOAD SUCCESS			AAC07587.clk.Z	
2013-08-11 15:09:23	DOWNLOAD SUCCESS			AAC07587.sp3.Z	
2013-08-11 15:09:32	DOWNLOAD SUCCESS			AAC07117.sum.Z	
2013-08-11 15:09:41	DOWNLOAD SUCCESS			AAC07117.ion.Z	
2013-08-11 15:09:50	DOWNLOAD SUCCESS			AAC07117.tro.Z	
2013-08-11 15:09:59	DOWNLOAD SUCCESS			AAC07117.erp.Z	
2013-08-11 15:10:08	DOWNLOAD SUCCESS			AAC07117.snx.Z	
2013-08-11 15:10:17	DOWNLOAD SUCCESS			AAC07117.clk.Z	
2013-08-11 15:10:26	DOWNLOAD SUCCESS			AAC07117.sp3.Z	
2013-08-11 15:10:35	DOWNLOAD SUCCESS			AAC07117.sum.Z	
2013-08-11 15:10:44	DOWNLOAD SUCCESS			AAC07117.ion.Z	
2013-08-11 15:10:53	DOWNLOAD SUCCESS			AAC07117.tro.Z	
2013-08-11 15:11:02	DOWNLOAD SUCCESS			AAC07117.erp.Z	
2013-08-11 15:11:11	DOWNLOAD SUCCESS			AAC07117.snx.Z	
2013-08-11 15:11:20	DOWNLOAD SUCCESS			AAC07117.clk.Z	
2013-08-11 15:11:29	DOWNLOAD SUCCESS			AAC07117.sp3.Z	
2013-08-11 15:11:38	DOWNLOAD SUCCESS			AAC06247.sum.Z	
2013-08-11 15:11:47	DOWNLOAD SUCCESS			AAC06247.ion.Z	
2013-08-11 15:11:56	DOWNLOAD SUCCESS			AAC06247.tro.Z	
